# JRE version: OpenJDK Runtime Environment (17.0.9) (build 17.0.9+0--11185874)
# Java VM: OpenJDK 64-Bit Server VM (17.0.9+0--11185874, mixed mode, tiered, compressed oops, compressed class ptrs, g1 gc, windows-amd64)
GC Precious Log:
 CPUs: 8 total, 8 available
 Memory: 8059M
 Large Page Support: Disabled
 NUMA Support: Disabled
 Compressed Oops: Enabled (32-bit)
 Heap Region Size: 1M
 Heap Min Capacity: 8M
 Heap Initial Capacity: 126M
 Heap Max Capacity: 2G
 Pre-touch: Disabled
 Parallel Workers: 8
 Concurrent Workers: 2
 Concurrent Refinement Workers: 8
 Periodic GC: Disabled
Heap:
 garbage-first heap   total 516096K, used 255562K [0x0000000080000000, 0x0000000100000000)
  region size 1024K, 12 young (12288K), 12 survivors (12288K)
 Metaspace       used 238830K, committed 240512K, reserved 1310720K
  class space    used 31456K, committed 32256K, reserved 1048576K
GC Heap History (20 events):
Event: 3155.846 GC heap after
{Heap after GC invocations=100 (full 0):
 garbage-first heap   total 516096K, used 253659K [0x0000000080000000, 0x0000000100000000)
  region size 1024K, 3 young (3072K), 3 survivors (3072K)
 Metaspace       used 202673K, committed 204160K, reserved 1245184K
  class space    used 27516K, committed 28224K, reserved 1048576K
}
Event: 3156.849 GC heap before
{Heap before GC invocations=100 (full 0):
 garbage-first heap   total 516096K, used 321243K [0x0000000080000000, 0x0000000100000000)
  region size 1024K, 70 young (71680K), 3 survivors (3072K)
 Metaspace       used 210522K, committed 211968K, reserved 1245184K
  class space    used 28494K, committed 29184K, reserved 1048576K
}
Event: 3156.855 GC heap after
{Heap after GC invocations=101 (full 0):
 garbage-first heap   total 516096K, used 255243K [0x0000000080000000, 0x0000000100000000)
  region size 1024K, 5 young (5120K), 5 survivors (5120K)
 Metaspace       used 210522K, committed 211968K, reserved 1245184K
  class space    used 28494K, committed 29184K, reserved 1048576K
}
Event: 3158.927 GC heap before
{Heap before GC invocations=102 (full 0):
 garbage-first heap   total 516096K, used 411915K [0x0000000080000000, 0x0000000100000000)
  region size 1024K, 163 young (166912K), 5 survivors (5120K)
 Metaspace       used 225296K, committed 226752K, reserved 1245184K
  class space    used 30158K, committed 30848K, reserved 1048576K
}
Event: 3158.936 GC heap after
{Heap after GC invocations=103 (full 0):
 garbage-first heap   total 516096K, used 257520K [0x0000000080000000, 0x0000000100000000)
  region size 1024K, 12 young (12288K), 12 survivors (12288K)
 Metaspace       used 225296K, committed 226752K, reserved 1245184K
  class space    used 30158K, committed 30848K, reserved 1048576K
}
Event: 3159.058 GC heap before
{Heap before GC invocations=103 (full 0):
 garbage-first heap   total 516096K, used 269808K [0x0000000080000000, 0x0000000100000000)
  region size 1024K, 25 young (25600K), 12 survivors (12288K)
 Metaspace       used 227217K, committed 228672K, reserved 1310720K
  class space    used 30362K, committed 31040K, reserved 1048576K
}
Event: 3159.078 GC heap after
{Heap after GC invocations=104 (full 0):
 garbage-first heap   total 516096K, used 247535K [0x0000000080000000, 0x0000000100000000)
  region size 1024K, 2 young (2048K), 2 survivors (2048K)
 Metaspace       used 227217K, committed 228672K, reserved 1310720K
  class space    used 30362K, committed 31040K, reserved 1048576K
}
Event: 3159.777 GC heap before
{Heap before GC invocations=104 (full 0):
 garbage-first heap   total 516096K, used 296687K [0x0000000080000000, 0x0000000100000000)
  region size 1024K, 51 young (52224K), 2 survivors (2048K)
 Metaspace       used 230329K, committed 231744K, reserved 1310720K
  class space    used 30677K, committed 31360K, reserved 1048576K
}
Event: 3159.782 GC heap after
{Heap after GC invocations=105 (full 0):
 garbage-first heap   total 516096K, used 251661K [0x0000000080000000, 0x0000000100000000)
  region size 1024K, 6 young (6144K), 6 survivors (6144K)
 Metaspace       used 230329K, committed 231744K, reserved 1310720K
  class space    used 30677K, committed 31360K, reserved 1048576K
}
Event: 3163.703 GC heap before
{Heap before GC invocations=106 (full 0):
 garbage-first heap   total 516096K, used 423693K [0x0000000080000000, 0x0000000100000000)
  region size 1024K, 174 young (178176K), 6 survivors (6144K)
 Metaspace       used 236754K, committed 238272K, reserved 1310720K
  class space    used 31224K, committed 31936K, reserved 1048576K
}
Event: 3163.715 GC heap after
{Heap after GC invocations=107 (full 0):
 garbage-first heap   total 516096K, used 246738K [0x0000000080000000, 0x0000000100000000)
  region size 1024K, 9 young (9216K), 9 survivors (9216K)
 Metaspace       used 236754K, committed 238272K, reserved 1310720K
  class space    used 31224K, committed 31936K, reserved 1048576K
}
Event: 3163.999 GC heap before
{Heap before GC invocations=107 (full 0):
 garbage-first heap   total 516096K, used 262098K [0x0000000080000000, 0x0000000100000000)
  region size 1024K, 25 young (25600K), 9 survivors (9216K)
 Metaspace       used 236793K, committed 238336K, reserved 1310720K
  class space    used 31224K, committed 31936K, reserved 1048576K
}
Event: 3164.033 GC heap after
{Heap after GC invocations=108 (full 0):
 garbage-first heap   total 516096K, used 244838K [0x0000000080000000, 0x0000000100000000)
  region size 1024K, 3 young (3072K), 3 survivors (3072K)
 Metaspace       used 236793K, committed 238336K, reserved 1310720K
  class space    used 31224K, committed 31936K, reserved 1048576K
}
Event: 3172.990 GC heap before
{Heap before GC invocations=108 (full 0):
 garbage-first heap   total 516096K, used 374886K [0x0000000080000000, 0x0000000100000000)
  region size 1024K, 132 young (135168K), 3 survivors (3072K)
 Metaspace       used 237484K, committed 239040K, reserved 1310720K
  class space    used 31293K, committed 32064K, reserved 1048576K
}
Event: 3173.010 GC heap after
{Heap after GC invocations=109 (full 0):
 garbage-first heap   total 516096K, used 258619K [0x0000000080000000, 0x0000000100000000)
  region size 1024K, 17 young (17408K), 17 survivors (17408K)
 Metaspace       used 237484K, committed 239040K, reserved 1310720K
  class space    used 31293K, committed 32064K, reserved 1048576K
}
Event: 3191.649 GC heap before
{Heap before GC invocations=110 (full 0):
 garbage-first heap   total 516096K, used 424507K [0x0000000080000000, 0x0000000100000000)
  region size 1024K, 178 young (182272K), 17 survivors (17408K)
 Metaspace       used 238603K, committed 240192K, reserved 1310720K
  class space    used 31424K, committed 32192K, reserved 1048576K
}
Event: 3191.688 GC heap after
{Heap after GC invocations=111 (full 0):
 garbage-first heap   total 516096K, used 252983K [0x0000000080000000, 0x0000000100000000)
  region size 1024K, 5 young (5120K), 5 survivors (5120K)
 Metaspace       used 238603K, committed 240192K, reserved 1310720K
  class space    used 31424K, committed 32192K, reserved 1048576K
}
Event: 3192.082 GC heap before
{Heap before GC invocations=111 (full 0):
 garbage-first heap   total 516096K, used 272439K [0x0000000080000000, 0x0000000100000000)
  region size 1024K, 25 young (25600K), 5 survivors (5120K)
 Metaspace       used 238646K, committed 240256K, reserved 1310720K
  class space    used 31425K, committed 32192K, reserved 1048576K
}
Event: 3192.127 GC heap after
{Heap after GC invocations=112 (full 0):
 garbage-first heap   total 516096K, used 247379K [0x0000000080000000, 0x0000000100000000)
  region size 1024K, 4 young (4096K), 4 survivors (4096K)
 Metaspace       used 238646K, committed 240256K, reserved 1310720K
  class space    used 31425K, committed 32192K, reserved 1048576K
}
Event: 3193.554 GC heap before
{Heap before GC invocations=112 (full 0):
 garbage-first heap   total 516096K, used 302675K [0x0000000080000000, 0x0000000100000000)
  region size 1024K, 60 young (61440K), 4 survivors (4096K)
 Metaspace       used 238830K, committed 240512K, reserved 1310720K
  class space    used 31456K, committed 32256K, reserved 1048576K
}

